<?xml version="1.0" encoding="UTF-8"?>
<coverage generated="1786189742953" clover="3.2.0">
  <project timestamp="1786189742953" name="All files">
    <metrics statements="23" coveredstatements="23" conditionals="6" coveredconditionals="4" methods="23" coveredmethods="23" elements="52" coveredelements="50" complexity="0" loc="23" ncloc="23" packages="1" files="3" classes="3"/>
    <file name="evaluationStore.ts" path="E:\Documents\4.2\NLP\mini project\EssayEval\frontend\src\stores\evaluationStore.ts">
      <metrics statements="3" coveredstatements="3" conditionals="0" coveredconditionals="0" methods="4" coveredmethods="4"/>
      <line num="11" count="1" type="stmt"/>
      <line num="14" count="2" type="stmt"/>
      <line num="17" count="3" type="stmt"/>
    </file>
    <file name="rubricStore.ts" path="E:\Documents\4.2\NLP\mini project\EssayEval\frontend\src\stores\rubricStore.ts">
      <metrics statements="8" coveredstatements="8" conditionals="2" coveredconditionals="1" methods="10" coveredmethods="10"/>
      <line num="14" count="1" type="stmt"/>
      <line num="16" count="1" type="stmt"/>
      <line num="19" count="3" type="stmt"/>
      <line num="20" count="1" type="stmt"/>
      <line num="21" count="1" type="cond" truecount="1" falsecount="1"/>
      <line num="23" count="1" type="stmt"/>
      <line num="24" count="1" type="stmt"/>
      <line num="26" count="1" type="stmt"/>
    </file>
    <file name="submissionStore.ts" path="E:\Documents\4.2\NLP\mini project\EssayEval\frontend\src\stores\submissionStore.ts">
      <metrics statements="12" coveredstatements="12" conditionals="4" coveredconditionals="3" methods="9" coveredmethods="9"/>
      <line num="5" count="1" type="stmt"/>
      <line num="14" count="1" type="stmt"/>
      <line num="16" count="1" type="stmt"/>
      <line num="18" count="4" type="stmt"/>
      <line num="19" count="4" type="stmt"/>
      <line num="20" count="4" type="stmt"/>
      <line num="21" count="4" type="cond" truecount="1" falsecount="1"/>
      <line num="22" count="4" type="stmt"/>
      <line num="24" count="1" type="stmt"/>
      <line num="25" count="1" type="stmt"/>
      <line num="27" count="2" type="stmt"/>
      <line num="28" count="2" type="cond" truecount="2" falsecount="0"/>
    </file>
  </project>
</coverage>
