{"E:\\Documents\\4.2\\NLP\\mini project\\EssayEval\\frontend\\src\\stores\\evaluationStore.ts": {"path":"E:\\Documents\\4.2\\NLP\\mini project\\EssayEval\\frontend\\src\\stores\\evaluationStore.ts","statementMap":{"0":{"start":{"line":11,"column":13},"end":{"line":18,"column":null}},"1":{"start":{"line":11,"column":70},"end":{"line":18,"column":2}},"2":{"start":{"line":14,"column":25},"end":{"line":16,"column":null}},"3":{"start":{"line":14,"column":41},"end":{"line":16,"column":4}},"4":{"start":{"line":17,"column":26},"end":{"line":17,"column":null}}},"fnMap":{"0":{"name":"(anonymous_0)","decl":{"start":{"line":11,"column":59},"end":{"line":11,"column":61}},"loc":{"start":{"line":11,"column":70},"end":{"line":18,"column":2}},"line":11},"1":{"name":"(anonymous_1)","decl":{"start":{"line":14,"column":2},"end":{"line":14,"column":14}},"loc":{"start":{"line":14,"column":25},"end":{"line":16,"column":null}},"line":14},"2":{"name":"(anonymous_2)","decl":{"start":{"line":14,"column":25},"end":{"line":14,"column":30}},"loc":{"start":{"line":14,"column":41},"end":{"line":16,"column":4}},"line":14},"3":{"name":"(anonymous_3)","decl":{"start":{"line":17,"column":2},"end":{"line":17,"column":18}},"loc":{"start":{"line":17,"column":26},"end":{"line":17,"column":null}},"line":17}},"branchMap":{},"s":{"0":1,"1":1,"2":2,"3":2,"4":3},"f":{"0":1,"1":2,"2":2,"3":3},"b":{},"meta":{"lastBranch":0,"lastFunction":4,"lastStatement":5,"seen":{"s:11:13:18:Infinity":0,"f:11:59:11:61":0,"s:11:70:18:2":1,"f:14:2:14:14":1,"s:14:25:16:Infinity":2,"f:14:25:14:30":2,"s:14:41:16:4":3,"f:17:2:17:18":3,"s:17:26:17:Infinity":4},"fnNames":{}}}
,"E:\\Documents\\4.2\\NLP\\mini project\\EssayEval\\frontend\\src\\stores\\rubricStore.ts": {"path":"E:\\Documents\\4.2\\NLP\\mini project\\EssayEval\\frontend\\src\\stores\\rubricStore.ts","statementMap":{"0":{"start":{"line":14,"column":13},"end":{"line":30,"column":null}},"1":{"start":{"line":16,"column":14},"end":{"line":27,"column":null}},"2":{"start":{"line":19,"column":29},"end":{"line":19,"column":null}},"3":{"start":{"line":19,"column":45},"end":{"line":19,"column":85}},"4":{"start":{"line":20,"column":32},"end":{"line":22,"column":null}},"5":{"start":{"line":20,"column":48},"end":{"line":22,"column":8}},"6":{"start":{"line":21,"column":40},"end":{"line":21,"column":71}},"7":{"start":{"line":23,"column":28},"end":{"line":25,"column":null}},"8":{"start":{"line":23,"column":44},"end":{"line":25,"column":8}},"9":{"start":{"line":24,"column":43},"end":{"line":24,"column":54}},"10":{"start":{"line":26,"column":31},"end":{"line":26,"column":null}}},"fnMap":{"0":{"name":"(anonymous_0)","decl":{"start":{"line":15,"column":2},"end":{"line":15,"column":null}},"loc":{"start":{"line":16,"column":14},"end":{"line":27,"column":null}},"line":16},"1":{"name":"(anonymous_1)","decl":{"start":{"line":19,"column":6},"end":{"line":19,"column":18}},"loc":{"start":{"line":19,"column":29},"end":{"line":19,"column":null}},"line":19},"2":{"name":"(anonymous_2)","decl":{"start":{"line":19,"column":29},"end":{"line":19,"column":34}},"loc":{"start":{"line":19,"column":45},"end":{"line":19,"column":85}},"line":19},"3":{"name":"(anonymous_3)","decl":{"start":{"line":20,"column":6},"end":{"line":20,"column":21}},"loc":{"start":{"line":20,"column":32},"end":{"line":22,"column":null}},"line":20},"4":{"name":"(anonymous_4)","decl":{"start":{"line":20,"column":32},"end":{"line":20,"column":37}},"loc":{"start":{"line":20,"column":48},"end":{"line":22,"column":8}},"line":20},"5":{"name":"(anonymous_5)","decl":{"start":{"line":21,"column":31},"end":{"line":21,"column":35}},"loc":{"start":{"line":21,"column":40},"end":{"line":21,"column":71}},"line":21},"6":{"name":"(anonymous_6)","decl":{"start":{"line":23,"column":6},"end":{"line":23,"column":21}},"loc":{"start":{"line":23,"column":28},"end":{"line":25,"column":null}},"line":23},"7":{"name":"(anonymous_7)","decl":{"start":{"line":23,"column":28},"end":{"line":23,"column":33}},"loc":{"start":{"line":23,"column":44},"end":{"line":25,"column":8}},"line":23},"8":{"name":"(anonymous_8)","decl":{"start":{"line":24,"column":31},"end":{"line":24,"column":38}},"loc":{"start":{"line":24,"column":43},"end":{"line":24,"column":54}},"line":24},"9":{"name":"(anonymous_9)","decl":{"start":{"line":26,"column":6},"end":{"line":26,"column":24}},"loc":{"start":{"line":26,"column":31},"end":{"line":26,"column":null}},"line":26}},"branchMap":{"0":{"loc":{"start":{"line":21,"column":40},"end":{"line":21,"column":71}},"type":"cond-expr","locations":[{"start":{"line":21,"column":61},"end":{"line":21,"column":70}},{"start":{"line":21,"column":70},"end":{"line":21,"column":71}}],"line":21}},"s":{"0":1,"1":1,"2":3,"3":3,"4":1,"5":1,"6":1,"7":1,"8":1,"9":1,"10":1},"f":{"0":1,"1":3,"2":3,"3":1,"4":1,"5":1,"6":1,"7":1,"8":1,"9":1},"b":{"0":[1,0]},"meta":{"lastBranch":1,"lastFunction":10,"lastStatement":11,"seen":{"s:14:13:30:Infinity":0,"f:15:2:15:Infinity":0,"s:16:14:27:Infinity":1,"f:19:6:19:18":1,"s:19:29:19:Infinity":2,"f:19:29:19:34":2,"s:19:45:19:85":3,"f:20:6:20:21":3,"s:20:32:22:Infinity":4,"f:20:32:20:37":4,"s:20:48:22:8":5,"f:21:31:21:35":5,"s:21:40:21:71":6,"b:21:61:21:70:21:70:21:71":0,"f:23:6:23:21":6,"s:23:28:25:Infinity":7,"f:23:28:23:33":7,"s:23:44:25:8":8,"f:24:31:24:38":8,"s:24:43:24:54":9,"f:26:6:26:24":9,"s:26:31:26:Infinity":10},"fnNames":{}}}
,"E:\\Documents\\4.2\\NLP\\mini project\\EssayEval\\frontend\\src\\stores\\submissionStore.ts": {"path":"E:\\Documents\\4.2\\NLP\\mini project\\EssayEval\\frontend\\src\\stores\\submissionStore.ts","statementMap":{"0":{"start":{"line":5,"column":26},"end":{"line":5,"column":null}},"1":{"start":{"line":14,"column":13},"end":{"line":33,"column":null}},"2":{"start":{"line":16,"column":14},"end":{"line":30,"column":null}},"3":{"start":{"line":18,"column":37},"end":{"line":23,"column":null}},"4":{"start":{"line":19,"column":24},"end":{"line":19,"column":null}},"5":{"start":{"line":20,"column":21},"end":{"line":20,"column":null}},"6":{"start":{"line":21,"column":8},"end":{"line":21,"column":null}},"7":{"start":{"line":21,"column":38},"end":{"line":21,"column":null}},"8":{"start":{"line":22,"column":8},"end":{"line":22,"column":null}},"9":{"start":{"line":24,"column":32},"end":{"line":26,"column":null}},"10":{"start":{"line":24,"column":48},"end":{"line":26,"column":8}},"11":{"start":{"line":25,"column":51},"end":{"line":25,"column":62}},"12":{"start":{"line":27,"column":39},"end":{"line":29,"column":null}},"13":{"start":{"line":27,"column":55},"end":{"line":29,"column":8}},"14":{"start":{"line":28,"column":48},"end":{"line":28,"column":84}}},"fnMap":{"0":{"name":"(anonymous_0)","decl":{"start":{"line":15,"column":2},"end":{"line":15,"column":null}},"loc":{"start":{"line":16,"column":14},"end":{"line":30,"column":null}},"line":16},"1":{"name":"(anonymous_1)","decl":{"start":{"line":18,"column":6},"end":{"line":18,"column":22}},"loc":{"start":{"line":18,"column":37},"end":{"line":23,"column":null}},"line":18},"2":{"name":"(anonymous_2)","decl":{"start":{"line":18,"column":37},"end":{"line":18,"column":42}},"loc":{"start":{"line":18,"column":52},"end":{"line":23,"column":7}},"line":18},"3":{"name":"(anonymous_3)","decl":{"start":{"line":24,"column":6},"end":{"line":24,"column":25}},"loc":{"start":{"line":24,"column":32},"end":{"line":26,"column":null}},"line":24},"4":{"name":"(anonymous_4)","decl":{"start":{"line":24,"column":32},"end":{"line":24,"column":37}},"loc":{"start":{"line":24,"column":48},"end":{"line":26,"column":8}},"line":24},"5":{"name":"(anonymous_5)","decl":{"start":{"line":25,"column":39},"end":{"line":25,"column":46}},"loc":{"start":{"line":25,"column":51},"end":{"line":25,"column":62}},"line":25},"6":{"name":"(anonymous_6)","decl":{"start":{"line":27,"column":6},"end":{"line":27,"column":25}},"loc":{"start":{"line":27,"column":39},"end":{"line":29,"column":null}},"line":27},"7":{"name":"(anonymous_7)","decl":{"start":{"line":27,"column":39},"end":{"line":27,"column":44}},"loc":{"start":{"line":27,"column":55},"end":{"line":29,"column":8}},"line":27},"8":{"name":"(anonymous_8)","decl":{"start":{"line":28,"column":39},"end":{"line":28,"column":43}},"loc":{"start":{"line":28,"column":48},"end":{"line":28,"column":84}},"line":28}},"branchMap":{"0":{"loc":{"start":{"line":21,"column":8},"end":{"line":21,"column":null}},"type":"if","locations":[{"start":{"line":21,"column":8},"end":{"line":21,"column":null}},{"start":{},"end":{}}],"line":21},"1":{"loc":{"start":{"line":28,"column":48},"end":{"line":28,"column":84}},"type":"cond-expr","locations":[{"start":{"line":28,"column":62},"end":{"line":28,"column":83}},{"start":{"line":28,"column":83},"end":{"line":28,"column":84}}],"line":28}},"s":{"0":1,"1":1,"2":1,"3":4,"4":4,"5":4,"6":4,"7":0,"8":4,"9":1,"10":1,"11":1,"12":2,"13":2,"14":2},"f":{"0":1,"1":4,"2":4,"3":1,"4":1,"5":1,"6":2,"7":2,"8":2},"b":{"0":[0,4],"1":[1,1]},"meta":{"lastBranch":2,"lastFunction":9,"lastStatement":15,"seen":{"s:5:26:5:Infinity":0,"s:14:13:33:Infinity":1,"f:15:2:15:Infinity":0,"s:16:14:30:Infinity":2,"f:18:6:18:22":1,"s:18:37:23:Infinity":3,"f:18:37:18:42":2,"s:19:24:19:Infinity":4,"s:20:21:20:Infinity":5,"b:21:8:21:Infinity:undefined:undefined:undefined:undefined":0,"s:21:8:21:Infinity":6,"s:21:38:21:Infinity":7,"s:22:8:22:Infinity":8,"f:24:6:24:25":3,"s:24:32:26:Infinity":9,"f:24:32:24:37":4,"s:24:48:26:8":10,"f:25:39:25:46":5,"s:25:51:25:62":11,"f:27:6:27:25":6,"s:27:39:29:Infinity":12,"f:27:39:27:44":7,"s:27:55:29:8":13,"f:28:39:28:43":8,"s:28:48:28:84":14,"b:28:62:28:83:28:83:28:84":1},"fnNames":{}}}
}
